OPatch
OPatch/docs
OPatch/jlib
OPatch/perl_modules
bin
cfgtoollogs
config
diagnostics/config/registration
install
j2ee
j2ee/home/lib
jlib
lib
oui
oui/bin
oui/bin/resource
oui/guide
oui/jlib
oui/lib/linux
toplink/bin
toplink/config
toplink/config/dtds
toplink/config/platforms
toplink/config/xsds
toplink/doc
toplink/doc/getting_started
toplink/doc/javadoc
toplink/doc/rel_notes
toplink/doc/support
toplink/doc/support/gifs
toplink/doc/support/html
toplink/doc/support/img
toplink/jlib
xdk
xdk/include
